{
  "0 debug pnpm:scope": {
    "selected": 1
  },
  "1 error pnpm": {
    "errno": 1,
    "code": "ELIFECYCLE",
    "pkgid": "information-technology@",
    "stage": "start",
    "script": "node server.js",
    "pkgname": "information-technology",
    "err": {
      "name": "pnpm",
      "message": "information-technology@ start: `node server.js`\nExit status 1",
      "code": "ELIFECYCLE",
      "stack": "pnpm: information-technology@ start: `node server.js`\nExit status 1\n    at EventEmitter.<anonymous> (/root/.local/share/pnpm/global/5/.pnpm/pnpm@7.2.1/node_modules/pnpm/dist/pnpm.cjs:107358:20)\n    at EventEmitter.emit (node:events:390:28)\n    at ChildProcess.<anonymous> (/root/.local/share/pnpm/global/5/.pnpm/pnpm@7.2.1/node_modules/pnpm/dist/pnpm.cjs:93924:18)\n    at ChildProcess.emit (node:events:390:28)\n    at maybeClose (node:internal/child_process:1062:16)\n    at Process.ChildProcess._handle.onexit (node:internal/child_process:301:5)"
    }
  },
  "2 warn pnpm:global": " Local package.json exists, but node_modules missing, did you mean to install?"
}